musiclist/build/outputs/logs/manifest-merger-debug-report.txt
-- Merging decision tree log ---
manifest
ADDED from src\main\AndroidManifest.xml:2:1-28:12
	package
		ADDED from src\main\AndroidManifest.xml:3:5-31
		INJECTED from src\main\AndroidManifest.xml
		INJECTED from src\main\AndroidManifest.xml
	android:versionName
		INJECTED from src\main\AndroidManifest.xml
		INJECTED from src\main\AndroidManifest.xml
	xmlns:android
		ADDED from src\main\AndroidManifest.xml:2:11-69
	android:versionCode
		INJECTED from src\main\AndroidManifest.xml
		INJECTED from src\main\AndroidManifest.xml
uses-permission#android.permission.READ_EXTERNAL_STORAGE
ADDED from src\main\AndroidManifest.xml:5:5-80
	android:name
		ADDED from src\main\AndroidManifest.xml:5:22-77
uses-permission#android.permission.SYSTEM_ALERT_WINDOW
ADDED from src\main\AndroidManifest.xml:6:5-78
	android:name
		ADDED from src\main\AndroidManifest.xml:6:22-75
application
ADDED from src\main\AndroidManifest.xml:9:5-26:19
MERGED from [com.android.support:appcompat-v7:23.2.1] AndroidManifest.xml:25:5-20
MERGED from [com.android.support:support-v4:23.2.1] AndroidManifest.xml:22:5-20
MERGED from [com.android.support:animated-vector-drawable:23.2.1] AndroidManifest.xml:7:5-20
MERGED from [com.android.support:support-vector-drawable:23.2.1] AndroidManifest.xml:7:5-20
MERGED from [com.android.support:support-v4:23.2.1] AndroidManifest.xml:22:5-20
MERGED from [com.android.support:support-vector-drawable:23.2.1] AndroidManifest.xml:7:5-20
MERGED from [com.android.support:support-v4:23.2.1] AndroidManifest.xml:22:5-20
MERGED from [com.google.android.gms:play-services-appindexing:8.1.0] AndroidManifest.xml:19:5-20
MERGED from [com.google.android.gms:play-services-basement:8.1.0] AndroidManifest.xml:20:5-24:19
MERGED from [com.android.support:support-v4:23.2.1] AndroidManifest.xml:22:5-20
	android:label
		ADDED from src\main\AndroidManifest.xml:13:9-41
	android:supportsRtl
		ADDED from src\main\AndroidManifest.xml:14:9-35
	android:allowBackup
		ADDED from src\main\AndroidManifest.xml:11:9-35
	android:icon
		ADDED from src\main\AndroidManifest.xml:12:9-50
	android:theme
		ADDED from src\main\AndroidManifest.xml:15:9-62
	android:name
		ADDED from src\main\AndroidManifest.xml:10:9-52
activity#com.cc.musiclist.MainActivity
ADDED from src\main\AndroidManifest.xml:16:9-21:20
	android:name
		ADDED from src\main\AndroidManifest.xml:16:19-47
intent-filter#android.intent.action.MAIN+android.intent.category.LAUNCHER
ADDED from src\main\AndroidManifest.xml:17:13-20:29
action#android.intent.action.MAIN
ADDED from src\main\AndroidManifest.xml:18:17-69
	android:name
		ADDED from src\main\AndroidManifest.xml:18:25-66
category#android.intent.category.LAUNCHER
ADDED from src\main\AndroidManifest.xml:19:17-77
	android:name
		ADDED from src\main\AndroidManifest.xml:19:27-74
meta-data#com.google.android.gms.version
ADDED from src\main\AndroidManifest.xml:23:9-25:69
MERGED from [com.google.android.gms:play-services-basement:8.1.0] AndroidManifest.xml:21:9-23:69
	android:value
		ADDED from src\main\AndroidManifest.xml:25:13-66
	android:name
		ADDED from src\main\AndroidManifest.xml:24:13-58
uses-sdk
INJECTED from src\main\AndroidManifest.xml reason: use-sdk injection requested
MERGED from [com.android.support:appcompat-v7:23.2.1] AndroidManifest.xml:21:5-23:78
MERGED from [com.android.support:support-v4:23.2.1] AndroidManifest.xml:20:5-43
MERGED from [com.android.support:animated-vector-drawable:23.2.1] AndroidManifest.xml:5:5-44
MERGED from [com.android.support:support-vector-drawable:23.2.1] AndroidManifest.xml:5:5-43
MERGED from [com.android.support:support-v4:23.2.1] AndroidManifest.xml:20:5-43
MERGED from [com.android.support:support-vector-drawable:23.2.1] AndroidManifest.xml:5:5-43
MERGED from [com.android.support:support-v4:23.2.1] AndroidManifest.xml:20:5-43
MERGED from [com.google.android.gms:play-services-appindexing:8.1.0] AndroidManifest.xml:18:5-42
MERGED from [com.google.android.gms:play-services-basement:8.1.0] AndroidManifest.xml:18:5-42
MERGED from [com.android.support:support-v4:23.2.1] AndroidManifest.xml:20:5-43
	tools:overrideLibrary
		ADDED from [com.android.support:appcompat-v7:23.2.1] AndroidManifest.xml:23:9-75
	android:targetSdkVersion
		INJECTED from src\main\AndroidManifest.xml
		INJECTED from src\main\AndroidManifest.xml
	android:minSdkVersion
		INJECTED from src\main\AndroidManifest.xml
		INJECTED from src\main\AndroidManifest.xml